2017-05-28 09:45:16,526 ERROR [main] [com.coderdream.gensql.service.DataService.getIsbgProjectListInfo(DataService.java:425)]: integerList	[7, 14, 18, 16, 11, 9, 13, 7, 8, 7, 7, 8, 7, 7, 7, 7, 7, 7, 7, 7]
 2017-05-28 09:45:16,545 ERROR [main] [com.coderdream.gensql.service.DataService.getIsbgProjectListInfo(DataService.java:425)]: integerList	[11, 15, 13, 7, 10, 14, 10, 13, 11, 7, 7, 7, 7, 7, 7, 7, 7, 7, 7, 7]
 2017-05-28 09:45:16,556 ERROR [main] [com.coderdream.gensql.service.DataService.getIsbgProjectListInfo(DataService.java:425)]: integerList	[10, 10, 14, 12, 19, 13, 11, 8, 7, 7, 7, 7, 7, 7, 7, 7, 7, 7, 7, 7]
 2017-05-28 09:45:16,565 ERROR [main] [com.coderdream.gensql.service.DataService.getIsbgProjectListInfo(DataService.java:425)]: integerList	[7, 9, 10, 8, 12, 11, 10, 12, 7, 13, 16, 8, 8, 8, 7, 7, 7, 7, 7, 7]
 2017-05-28 09:45:16,570 ERROR [main] [com.coderdream.gensql.service.DataService.getIsbgProjectListInfo(DataService.java:425)]: integerList	[18, 19, 14, 8, 14, 8, 8, 8, 7, 7, 7, 7, 7, 7, 7, 7, 7, 7, 7, 7]
 2017-05-28 09:45:17,383 ERROR [main] [com.coderdream.gensql.service.DataService.getIsbgProjectListInfo(DataService.java:425)]: integerList	[10, 16, 15, 11, 11, 8, 14, 9, 9, 8, 7, 7, 7, 7, 7, 7, 7, 7, 7, 7]
 2017-05-28 09:45:17,387 ERROR [main] [com.coderdream.gensql.service.DataService.getIsbgProjectListInfo(DataService.java:425)]: integerList	[11, 18, 9, 10, 9, 12, 17, 8, 10, 7, 7, 7, 7, 7, 7, 7, 7, 7, 7, 7]
 2017-05-28 09:45:17,417 ERROR [main] [com.coderdream.gensql.service.DataService.getIsbgProjectListInfo(DataService.java:425)]: integerList	[13, 10, 15, 15, 15, 10, 9, 8, 7, 8, 8, 7, 7, 7, 7, 7, 7, 7, 7, 7]
 2017-05-28 09:45:17,423 ERROR [main] [com.coderdream.gensql.service.DataService.getIsbgProjectListInfo(DataService.java:425)]: integerList	[16, 16, 11, 8, 17, 9, 7, 12, 7, 8, 7, 7, 7, 7, 7, 7, 7, 7, 7, 7]
 2017-05-28 09:45:17,431 ERROR [main] [com.coderdream.gensql.service.DataService.getIsbgProjectListInfo(DataService.java:425)]: integerList	[13, 13, 13, 13, 16, 11, 8, 10, 7, 7, 7, 7, 7, 7, 7, 7, 7, 7, 7, 7]
 2017-05-28 09:45:18,041 ERROR [main] [com.coderdream.gensql.service.DataService.getIsbgHumanMapListInfo(DataService.java:593)]: ############### 	B-13086	2017-06-03	2017-06-08	6
 2017-05-28 09:45:18,045 ERROR [main] [com.coderdream.gensql.service.DataService.getIsbgHumanMapListInfo(DataService.java:593)]: ############### 	B-12737	2017-04-22	2017-04-27	6
 2017-05-28 09:45:18,046 ERROR [main] [com.coderdream.gensql.service.DataService.getIsbgHumanMapListInfo(DataService.java:593)]: ############### 	B-13086	2017-06-24	2017-06-29	6
 2017-05-28 09:45:18,047 ERROR [main] [com.coderdream.gensql.service.DataService.getIsbgHumanMapListInfo(DataService.java:593)]: ############### 	B-11059	2017-01-14	2017-01-16	3
 2017-05-28 09:45:18,049 ERROR [main] [com.coderdream.gensql.service.DataService.getIsbgHumanMapListInfo(DataService.java:593)]: ############### 	B-13618	2017-04-14	2017-04-17	4
 2017-05-28 09:45:18,051 ERROR [main] [com.coderdream.gensql.service.DataService.getIsbgHumanMapListInfo(DataService.java:593)]: ############### 	B-13140	2017-04-29	2017-05-02	4
 2017-05-28 09:45:18,052 ERROR [main] [com.coderdream.gensql.service.DataService.getIsbgHumanMapListInfo(DataService.java:593)]: ############### 	B-13416	2017-04-29	2017-05-01	3
 2017-05-28 09:45:18,053 ERROR [main] [com.coderdream.gensql.service.DataService.getIsbgHumanMapListInfo(DataService.java:593)]: ############### 	B-10097	2017-04-15	2017-04-17	3
 2017-05-28 09:45:18,054 ERROR [main] [com.coderdream.gensql.service.DataService.getIsbgHumanMapListInfo(DataService.java:593)]: ############### 	B-10612	2017-02-23	2017-02-25	3
 2017-05-28 09:45:18,056 ERROR [main] [com.coderdream.gensql.service.DataService.getIsbgHumanMapListInfo(DataService.java:593)]: ############### 	B-12122	2017-04-07	2017-04-12	6
 2017-05-28 09:45:18,060 ERROR [main] [com.coderdream.gensql.service.DataService.getIsbgHumanMapListInfo(DataService.java:593)]: ############### 	B-11034	2017-03-10	2017-03-13	4
 2017-05-28 09:45:18,066 ERROR [main] [com.coderdream.gensql.service.DataService.getIsbgHumanMapListInfo(DataService.java:593)]: ############### 	B-13086	2017-05-27	2017-06-01	6
 2017-05-28 09:45:18,067 ERROR [main] [com.coderdream.gensql.service.DataService.getIsbgHumanMapListInfo(DataService.java:593)]: ############### 	B-13140	2017-04-22	2017-04-25	4
 2017-05-28 09:45:18,068 ERROR [main] [com.coderdream.gensql.service.DataService.getIsbgHumanMapListInfo(DataService.java:593)]: ############### 	B-10437	2017-04-13	2017-04-18	6
 2017-05-28 09:45:18,069 ERROR [main] [com.coderdream.gensql.service.DataService.getIsbgHumanMapListInfo(DataService.java:593)]: ############### 	B-11059	2017-06-17	2017-06-20	4
 2017-05-28 09:45:18,070 ERROR [main] [com.coderdream.gensql.service.DataService.getIsbgHumanMapListInfo(DataService.java:593)]: ############### 	B-10255	2017-05-27	2017-05-29	3
 2017-05-28 09:45:18,074 ERROR [main] [com.coderdream.gensql.service.DataService.getIsbgHumanMapListInfo(DataService.java:593)]: ############### 	B-12347	2017-02-13	2017-02-15	3
 2017-05-28 09:45:18,075 ERROR [main] [com.coderdream.gensql.service.DataService.getIsbgHumanMapListInfo(DataService.java:593)]: ############### 	B-12629	2017-06-17	2017-06-22	6
 2017-05-28 09:45:18,075 ERROR [main] [com.coderdream.gensql.service.DataService.getIsbgHumanMapListInfo(DataService.java:593)]: ############### 	B-10255	2017-02-08	2017-02-11	4
 2017-05-28 09:45:18,076 ERROR [main] [com.coderdream.gensql.service.DataService.getIsbgHumanMapListInfo(DataService.java:593)]: ############### 	B-10364	2017-02-08	2017-02-13	6
 2017-05-28 09:45:18,076 ERROR [main] [com.coderdream.gensql.service.DataService.getIsbgHumanMapListInfo(DataService.java:593)]: ############### 	B-13158	2017-03-13	2017-03-18	6
 2017-05-28 09:45:18,077 ERROR [main] [com.coderdream.gensql.service.DataService.getIsbgHumanMapListInfo(DataService.java:593)]: ############### 	B-12056	2017-05-13	2017-05-16	4
 2017-05-28 09:45:18,077 ERROR [main] [com.coderdream.gensql.service.DataService.getIsbgHumanMapListInfo(DataService.java:593)]: ############### 	B-13545	2017-04-29	2017-05-03	5
 2017-05-28 09:45:18,078 ERROR [main] [com.coderdream.gensql.service.DataService.getIsbgHumanMapListInfo(DataService.java:593)]: ############### 	B-13086	2017-01-27	2017-02-01	6
 2017-05-28 09:45:18,078 ERROR [main] [com.coderdream.gensql.service.DataService.getIsbgHumanMapListInfo(DataService.java:601)]: getIsbgHumanMapListInfo idel count: 24
 2017-05-28 09:45:21,195 ERROR [main] [com.coderdream.gensql.service.DataService.getIsbgProjectListInfo(DataService.java:425)]: integerList	[8, 15, 18, 14, 9, 17, 9, 7, 7, 7, 7, 7, 7, 7, 7, 7, 7, 7, 7, 7]
 2017-05-28 09:45:21,198 ERROR [main] [com.coderdream.gensql.service.DataService.getIsbgProjectListInfo(DataService.java:425)]: integerList	[16, 15, 17, 13, 15, 7, 7, 7, 7, 7, 7, 7, 7, 7, 7, 7, 7, 7, 7, 7]
 2017-05-28 09:45:21,244 ERROR [main] [com.coderdream.gensql.service.DataService.getIsbgProjectListInfo(DataService.java:425)]: integerList	[16, 12, 15, 11, 17, 12, 7, 7, 7, 7, 7, 7, 7, 7, 7, 7, 7, 7, 7, 7]
 2017-05-28 09:45:21,256 ERROR [main] [com.coderdream.gensql.service.DataService.getIsbgProjectListInfo(DataService.java:425)]: integerList	[11, 15, 11, 10, 11, 13, 11, 8, 7, 7, 10, 10, 7, 7, 7, 7, 7, 8, 7, 7]
 2017-05-28 09:45:21,260 ERROR [main] [com.coderdream.gensql.service.DataService.getIsbgProjectListInfo(DataService.java:425)]: integerList	[9, 14, 15, 17, 15, 10, 9, 7, 8, 7, 7, 7, 7, 7, 7, 7, 7, 7, 7, 7]
 2017-05-28 09:45:21,694 ERROR [main] [com.coderdream.gensql.service.DataService.getIsbgHumanMapListInfo(DataService.java:593)]: ############### 	B-10364	2017-06-10	2017-06-14	5
 2017-05-28 09:45:21,695 ERROR [main] [com.coderdream.gensql.service.DataService.getIsbgHumanMapListInfo(DataService.java:593)]: ############### 	B-13140	2017-06-24	2017-06-28	5
 2017-05-28 09:45:21,695 ERROR [main] [com.coderdream.gensql.service.DataService.getIsbgHumanMapListInfo(DataService.java:593)]: ############### 	B-12629	2017-04-08	2017-04-11	4
 2017-05-28 09:45:21,695 ERROR [main] [com.coderdream.gensql.service.DataService.getIsbgHumanMapListInfo(DataService.java:593)]: ############### 	B-12122	2017-06-02	2017-06-07	6
 2017-05-28 09:45:21,696 ERROR [main] [com.coderdream.gensql.service.DataService.getIsbgHumanMapListInfo(DataService.java:593)]: ############### 	B-12056	2017-06-10	2017-06-12	3
 2017-05-28 09:45:21,697 ERROR [main] [com.coderdream.gensql.service.DataService.getIsbgHumanMapListInfo(DataService.java:593)]: ############### 	B-13454	2017-04-15	2017-04-18	4
 2017-05-28 09:45:21,697 ERROR [main] [com.coderdream.gensql.service.DataService.getIsbgHumanMapListInfo(DataService.java:593)]: ############### 	B-10294	2017-04-15	2017-04-17	3
 2017-05-28 09:45:21,697 ERROR [main] [com.coderdream.gensql.service.DataService.getIsbgHumanMapListInfo(DataService.java:593)]: ############### 	B-12479	2017-04-25	2017-04-29	5
 2017-05-28 09:45:21,698 ERROR [main] [com.coderdream.gensql.service.DataService.getIsbgHumanMapListInfo(DataService.java:593)]: ############### 	B-12486	2017-05-12	2017-05-14	3
 2017-05-28 09:45:21,698 ERROR [main] [com.coderdream.gensql.service.DataService.getIsbgHumanMapListInfo(DataService.java:593)]: ############### 	B-13158	2017-01-09	2017-01-13	5
 2017-05-28 09:45:21,699 ERROR [main] [com.coderdream.gensql.service.DataService.getIsbgHumanMapListInfo(DataService.java:593)]: ############### 	B-13086	2017-04-01	2017-04-05	5
 2017-05-28 09:45:21,701 ERROR [main] [com.coderdream.gensql.service.DataService.getIsbgHumanMapListInfo(DataService.java:593)]: ############### 	B-10294	2017-02-01	2017-02-06	6
 2017-05-28 09:45:21,702 ERROR [main] [com.coderdream.gensql.service.DataService.getIsbgHumanMapListInfo(DataService.java:593)]: ############### 	B-10771	2017-05-20	2017-05-25	6
 2017-05-28 09:45:21,703 ERROR [main] [com.coderdream.gensql.service.DataService.getIsbgHumanMapListInfo(DataService.java:593)]: ############### 	B-10987	2017-05-20	2017-05-23	4
 2017-05-28 09:45:21,704 ERROR [main] [com.coderdream.gensql.service.DataService.getIsbgHumanMapListInfo(DataService.java:593)]: ############### 	B-10612	2017-04-01	2017-04-06	6
 2017-05-28 09:45:21,706 ERROR [main] [com.coderdream.gensql.service.DataService.getIsbgHumanMapListInfo(DataService.java:593)]: ############### 	B-10771	2017-04-01	2017-04-05	5
 2017-05-28 09:45:21,707 ERROR [main] [com.coderdream.gensql.service.DataService.getIsbgHumanMapListInfo(DataService.java:593)]: ############### 	B-10255	2017-06-03	2017-06-07	5
 2017-05-28 09:45:21,707 ERROR [main] [com.coderdream.gensql.service.DataService.getIsbgHumanMapListInfo(DataService.java:593)]: ############### 	B-12110	2017-05-27	2017-05-29	3
 2017-05-28 09:45:21,709 ERROR [main] [com.coderdream.gensql.service.DataService.getIsbgHumanMapListInfo(DataService.java:593)]: ############### 	B-13550	2017-01-10	2017-01-14	5
 2017-05-28 09:45:21,710 ERROR [main] [com.coderdream.gensql.service.DataService.getIsbgHumanMapListInfo(DataService.java:593)]: ############### 	B-10255	2017-06-17	2017-06-22	6
 2017-05-28 09:45:21,714 ERROR [main] [com.coderdream.gensql.service.DataService.getIsbgHumanMapListInfo(DataService.java:593)]: ############### 	B-10612	2017-06-17	2017-06-19	3
 2017-05-28 09:45:21,718 ERROR [main] [com.coderdream.gensql.service.DataService.getIsbgHumanMapListInfo(DataService.java:593)]: ############### 	B-10612	2017-02-13	2017-02-18	6
 2017-05-28 09:45:21,720 ERROR [main] [com.coderdream.gensql.service.DataService.getIsbgHumanMapListInfo(DataService.java:593)]: ############### 	B-13585	2017-05-26	2017-05-31	6
 2017-05-28 09:45:21,724 ERROR [main] [com.coderdream.gensql.service.DataService.getIsbgHumanMapListInfo(DataService.java:593)]: ############### 	B-13550	2017-05-20	2017-05-22	3
 2017-05-28 09:45:21,727 ERROR [main] [com.coderdream.gensql.service.DataService.getIsbgHumanMapListInfo(DataService.java:593)]: ############### 	B-13416	2017-01-01	2017-01-03	3
 2017-05-28 09:45:21,728 ERROR [main] [com.coderdream.gensql.service.DataService.getIsbgHumanMapListInfo(DataService.java:593)]: ############### 	B-13416	2017-06-17	2017-06-19	3
 2017-05-28 09:45:21,730 ERROR [main] [com.coderdream.gensql.service.DataService.getIsbgHumanMapListInfo(DataService.java:593)]: ############### 	B-12122	2017-03-13	2017-03-18	6
 2017-05-28 09:45:21,732 ERROR [main] [com.coderdream.gensql.service.DataService.getIsbgHumanMapListInfo(DataService.java:593)]: ############### 	B-12844	2017-06-09	2017-06-14	6
 2017-05-28 09:45:21,733 ERROR [main] [com.coderdream.gensql.service.DataService.getIsbgHumanMapListInfo(DataService.java:593)]: ############### 	B-11382	2017-03-31	2017-04-02	3
 2017-05-28 09:45:21,734 ERROR [main] [com.coderdream.gensql.service.DataService.getIsbgHumanMapListInfo(DataService.java:601)]: getIsbgHumanMapListInfo idel count: 29
 2017-05-28 09:45:24,886 ERROR [main] [com.coderdream.gensql.service.DataService.getIsbgProjectListInfo(DataService.java:425)]: integerList	[8, 9, 15, 15, 14, 15, 11, 10, 7, 7, 7, 7, 7, 7, 7, 7, 7, 7, 7, 7]
 2017-05-28 09:45:24,890 ERROR [main] [com.coderdream.gensql.service.DataService.getIsbgProjectListInfo(DataService.java:425)]: integerList	[16, 10, 8, 10, 10, 8, 14, 11, 8, 12, 11, 7, 7, 7, 7, 7, 7, 7, 7, 7]
 2017-05-28 09:45:24,894 ERROR [main] [com.coderdream.gensql.service.DataService.getIsbgProjectListInfo(DataService.java:425)]: integerList	[18, 14, 8, 16, 11, 12, 8, 9, 8, 7, 7, 7, 7, 7, 7, 7, 7, 7, 7, 7]
 2017-05-28 09:45:24,896 ERROR [main] [com.coderdream.gensql.service.DataService.getIsbgProjectListInfo(DataService.java:425)]: integerList	[17, 12, 8, 19, 18, 8, 7, 7, 7, 7, 7, 8, 7, 7, 7, 7, 7, 7, 7, 7]
 2017-05-28 09:45:24,899 ERROR [main] [com.coderdream.gensql.service.DataService.getIsbgProjectListInfo(DataService.java:425)]: integerList	[17, 17, 9, 10, 13, 15, 8, 7, 8, 7, 7, 7, 7, 7, 7, 7, 7, 7, 7, 7]
 2017-05-28 09:45:25,459 ERROR [main] [com.coderdream.gensql.service.DataService.getIsbgHumanMapListInfo(DataService.java:593)]: ############### 	B-10612	2017-03-21	2017-03-23	3
 2017-05-28 09:45:25,460 ERROR [main] [com.coderdream.gensql.service.DataService.getIsbgHumanMapListInfo(DataService.java:593)]: ############### 	B-13585	2017-01-01	2017-01-06	6
 2017-05-28 09:45:25,461 ERROR [main] [com.coderdream.gensql.service.DataService.getIsbgHumanMapListInfo(DataService.java:593)]: ############### 	B-12788	2017-04-21	2017-04-23	3
 2017-05-28 09:45:25,462 ERROR [main] [com.coderdream.gensql.service.DataService.getIsbgHumanMapListInfo(DataService.java:593)]: ############### 	B-13086	2017-06-24	2017-06-26	3
 2017-05-28 09:45:25,466 ERROR [main] [com.coderdream.gensql.service.DataService.getIsbgHumanMapListInfo(DataService.java:593)]: ############### 	B-12486	2017-04-14	2017-04-16	3
 2017-05-28 09:45:25,467 ERROR [main] [com.coderdream.gensql.service.DataService.getIsbgHumanMapListInfo(DataService.java:593)]: ############### 	B-12844	2017-04-14	2017-04-17	4
 2017-05-28 09:45:25,467 ERROR [main] [com.coderdream.gensql.service.DataService.getIsbgHumanMapListInfo(DataService.java:593)]: ############### 	B-11382	2017-03-23	2017-03-28	6
 2017-05-28 09:45:25,468 ERROR [main] [com.coderdream.gensql.service.DataService.getIsbgHumanMapListInfo(DataService.java:593)]: ############### 	B-10612	2017-01-19	2017-01-23	5
 2017-05-28 09:45:25,469 ERROR [main] [com.coderdream.gensql.service.DataService.getIsbgHumanMapListInfo(DataService.java:593)]: ############### 	B-13385	2017-04-29	2017-05-01	3
 2017-05-28 09:45:25,469 ERROR [main] [com.coderdream.gensql.service.DataService.getIsbgHumanMapListInfo(DataService.java:593)]: ############### 	B-10803	2017-02-26	2017-02-28	3
 2017-05-28 09:45:25,469 ERROR [main] [com.coderdream.gensql.service.DataService.getIsbgHumanMapListInfo(DataService.java:593)]: ############### 	B-12122	2017-04-28	2017-05-02	5
 2017-05-28 09:45:25,470 ERROR [main] [com.coderdream.gensql.service.DataService.getIsbgHumanMapListInfo(DataService.java:593)]: ############### 	B-10097	2017-01-17	2017-01-21	5
 2017-05-28 09:45:25,470 ERROR [main] [com.coderdream.gensql.service.DataService.getIsbgHumanMapListInfo(DataService.java:593)]: ############### 	B-13140	2017-03-03	2017-03-07	5
 2017-05-28 09:45:25,471 ERROR [main] [com.coderdream.gensql.service.DataService.getIsbgHumanMapListInfo(DataService.java:593)]: ############### 	B-12737	2017-04-07	2017-04-09	3
 2017-05-28 09:45:25,472 ERROR [main] [com.coderdream.gensql.service.DataService.getIsbgHumanMapListInfo(DataService.java:593)]: ############### 	B-12788	2017-04-07	2017-04-12	6
 2017-05-28 09:45:25,472 ERROR [main] [com.coderdream.gensql.service.DataService.getIsbgHumanMapListInfo(DataService.java:593)]: ############### 	B-13618	2017-03-29	2017-04-03	6
 2017-05-28 09:45:25,473 ERROR [main] [com.coderdream.gensql.service.DataService.getIsbgHumanMapListInfo(DataService.java:593)]: ############### 	B-10437	2017-03-29	2017-03-31	3
 2017-05-28 09:45:25,473 ERROR [main] [com.coderdream.gensql.service.DataService.getIsbgHumanMapListInfo(DataService.java:593)]: ############### 	B-13618	2017-05-27	2017-05-29	3
 2017-05-28 09:45:25,474 ERROR [main] [com.coderdream.gensql.service.DataService.getIsbgHumanMapListInfo(DataService.java:593)]: ############### 	B-10437	2017-06-10	2017-06-14	5
 2017-05-28 09:45:25,474 ERROR [main] [com.coderdream.gensql.service.DataService.getIsbgHumanMapListInfo(DataService.java:593)]: ############### 	B-13086	2017-04-22	2017-04-26	5
 2017-05-28 09:45:25,474 ERROR [main] [com.coderdream.gensql.service.DataService.getIsbgHumanMapListInfo(DataService.java:593)]: ############### 	B-10771	2017-04-15	2017-04-19	5
 2017-05-28 09:45:25,475 ERROR [main] [com.coderdream.gensql.service.DataService.getIsbgHumanMapListInfo(DataService.java:593)]: ############### 	B-10771	2017-06-17	2017-06-21	5
 2017-05-28 09:45:25,476 ERROR [main] [com.coderdream.gensql.service.DataService.getIsbgHumanMapListInfo(DataService.java:593)]: ############### 	B-13385	2017-05-13	2017-05-17	5
 2017-05-28 09:45:25,476 ERROR [main] [com.coderdream.gensql.service.DataService.getIsbgHumanMapListInfo(DataService.java:593)]: ############### 	B-10401	2017-05-27	2017-05-29	3
 2017-05-28 09:45:25,477 ERROR [main] [com.coderdream.gensql.service.DataService.getIsbgHumanMapListInfo(DataService.java:593)]: ############### 	B-13385	2017-02-17	2017-02-21	5
 2017-05-28 09:45:25,477 ERROR [main] [com.coderdream.gensql.service.DataService.getIsbgHumanMapListInfo(DataService.java:593)]: ############### 	B-13367	2017-06-17	2017-06-22	6
 2017-05-28 09:45:25,478 ERROR [main] [com.coderdream.gensql.service.DataService.getIsbgHumanMapListInfo(DataService.java:593)]: ############### 	B-11382	2017-05-13	2017-05-15	3
 2017-05-28 09:45:25,478 ERROR [main] [com.coderdream.gensql.service.DataService.getIsbgHumanMapListInfo(DataService.java:593)]: ############### 	B-12122	2017-03-24	2017-03-28	5
 2017-05-28 09:45:25,479 ERROR [main] [com.coderdream.gensql.service.DataService.getIsbgHumanMapListInfo(DataService.java:593)]: ############### 	B-13550	2017-03-31	2017-04-05	6
 2017-05-28 09:45:25,479 ERROR [main] [com.coderdream.gensql.service.DataService.getIsbgHumanMapListInfo(DataService.java:593)]: ############### 	B-13585	2017-06-24	2017-06-29	6
 2017-05-28 09:45:25,480 ERROR [main] [com.coderdream.gensql.service.DataService.getIsbgHumanMapListInfo(DataService.java:593)]: ############### 	B-13086	2017-01-18	2017-01-21	4
 2017-05-28 09:45:25,480 ERROR [main] [com.coderdream.gensql.service.DataService.getIsbgHumanMapListInfo(DataService.java:601)]: getIsbgHumanMapListInfo idel count: 31
 2017-05-28 09:45:29,906 ERROR [main] [com.coderdream.gensql.service.DataService.getIsbgProjectListInfo(DataService.java:425)]: integerList	[13, 15, 16, 10, 18, 8, 9, 7, 8, 7, 7, 7, 7, 7, 7, 7, 7, 7, 7, 7]
 2017-05-28 09:45:29,911 ERROR [main] [com.coderdream.gensql.service.DataService.getIsbgProjectListInfo(DataService.java:425)]: integerList	[12, 7, 18, 7, 13, 17, 8, 14, 7, 8, 7, 7, 7, 7, 7, 7, 7, 7, 7, 7]
 2017-05-28 09:45:29,914 ERROR [main] [com.coderdream.gensql.service.DataService.getIsbgProjectListInfo(DataService.java:425)]: integerList	[10, 10, 9, 7, 18, 8, 8, 7, 11, 12, 17, 8, 7, 7, 7, 7, 7, 7, 7, 7]
 2017-05-28 09:45:29,916 ERROR [main] [com.coderdream.gensql.service.DataService.getIsbgProjectListInfo(DataService.java:425)]: integerList	[19, 9, 9, 11, 14, 13, 10, 11, 7, 7, 7, 8, 7, 7, 7, 7, 7, 7, 7, 7]
 2017-05-28 09:45:29,918 ERROR [main] [com.coderdream.gensql.service.DataService.getIsbgProjectListInfo(DataService.java:425)]: integerList	[9, 14, 7, 18, 12, 13, 7, 11, 10, 10, 7, 7, 7, 7, 7, 7, 7, 7, 7, 7]
 2017-05-28 09:45:30,757 ERROR [main] [com.coderdream.gensql.service.DataService.getIsbgHumanMapListInfo(DataService.java:593)]: ############### 	B-12629	2017-04-21	2017-04-25	5
 2017-05-28 09:45:30,758 ERROR [main] [com.coderdream.gensql.service.DataService.getIsbgHumanMapListInfo(DataService.java:593)]: ############### 	B-12788	2017-04-21	2017-04-23	3
 2017-05-28 09:45:30,758 ERROR [main] [com.coderdream.gensql.service.DataService.getIsbgHumanMapListInfo(DataService.java:593)]: ############### 	B-11382	2017-03-15	2017-03-18	4
 2017-05-28 09:45:30,759 ERROR [main] [com.coderdream.gensql.service.DataService.getIsbgHumanMapListInfo(DataService.java:593)]: ############### 	B-10771	2017-05-13	2017-05-17	5
 2017-05-28 09:45:30,760 ERROR [main] [com.coderdream.gensql.service.DataService.getIsbgHumanMapListInfo(DataService.java:593)]: ############### 	B-13086	2017-05-20	2017-05-22	3
 2017-05-28 09:45:30,765 ERROR [main] [com.coderdream.gensql.service.DataService.getIsbgHumanMapListInfo(DataService.java:593)]: ############### 	B-10437	2017-01-01	2017-01-03	3
 2017-05-28 09:45:30,769 ERROR [main] [com.coderdream.gensql.service.DataService.getIsbgHumanMapListInfo(DataService.java:593)]: ############### 	B-13140	2017-04-29	2017-05-01	3
 2017-05-28 09:45:30,769 ERROR [main] [com.coderdream.gensql.service.DataService.getIsbgHumanMapListInfo(DataService.java:593)]: ############### 	B-11034	2017-02-06	2017-02-10	5
 2017-05-28 09:45:30,772 ERROR [main] [com.coderdream.gensql.service.DataService.getIsbgHumanMapListInfo(DataService.java:593)]: ############### 	B-12347	2017-05-13	2017-05-15	3
 2017-05-28 09:45:30,773 ERROR [main] [com.coderdream.gensql.service.DataService.getIsbgHumanMapListInfo(DataService.java:593)]: ############### 	B-13416	2017-03-31	2017-04-02	3
 2017-05-28 09:45:30,773 ERROR [main] [com.coderdream.gensql.service.DataService.getIsbgHumanMapListInfo(DataService.java:593)]: ############### 	B-10294	2017-01-20	2017-01-23	4
 2017-05-28 09:45:30,774 ERROR [main] [com.coderdream.gensql.service.DataService.getIsbgHumanMapListInfo(DataService.java:593)]: ############### 	B-10803	2017-03-12	2017-03-16	5
 2017-05-28 09:45:30,775 ERROR [main] [com.coderdream.gensql.service.DataService.getIsbgHumanMapListInfo(DataService.java:593)]: ############### 	B-13158	2017-04-07	2017-04-11	5
 2017-05-28 09:45:30,775 ERROR [main] [com.coderdream.gensql.service.DataService.getIsbgHumanMapListInfo(DataService.java:593)]: ############### 	B-13158	2017-04-22	2017-04-27	6
 2017-05-28 09:45:30,776 ERROR [main] [com.coderdream.gensql.service.DataService.getIsbgHumanMapListInfo(DataService.java:593)]: ############### 	B-10987	2017-03-30	2017-04-02	4
 2017-05-28 09:45:30,777 ERROR [main] [com.coderdream.gensql.service.DataService.getIsbgHumanMapListInfo(DataService.java:593)]: ############### 	B-11034	2017-03-30	2017-04-03	5
 2017-05-28 09:45:30,778 ERROR [main] [com.coderdream.gensql.service.DataService.getIsbgHumanMapListInfo(DataService.java:593)]: ############### 	B-10294	2017-03-24	2017-03-26	3
 2017-05-28 09:45:30,778 ERROR [main] [com.coderdream.gensql.service.DataService.getIsbgHumanMapListInfo(DataService.java:593)]: ############### 	B-11034	2017-06-17	2017-06-20	4
 2017-05-28 09:45:30,779 ERROR [main] [com.coderdream.gensql.service.DataService.getIsbgHumanMapListInfo(DataService.java:593)]: ############### 	B-13367	2017-05-13	2017-05-18	6
 2017-05-28 09:45:30,779 ERROR [main] [com.coderdream.gensql.service.DataService.getIsbgHumanMapListInfo(DataService.java:593)]: ############### 	B-13385	2017-05-13	2017-05-15	3
 2017-05-28 09:45:30,780 ERROR [main] [com.coderdream.gensql.service.DataService.getIsbgHumanMapListInfo(DataService.java:593)]: ############### 	B-13585	2017-02-18	2017-02-23	6
 2017-05-28 09:45:30,780 ERROR [main] [com.coderdream.gensql.service.DataService.getIsbgHumanMapListInfo(DataService.java:593)]: ############### 	B-12629	2017-05-27	2017-05-29	3
 2017-05-28 09:45:30,782 ERROR [main] [com.coderdream.gensql.service.DataService.getIsbgHumanMapListInfo(DataService.java:593)]: ############### 	B-12486	2017-05-20	2017-05-22	3
 2017-05-28 09:45:30,782 ERROR [main] [com.coderdream.gensql.service.DataService.getIsbgHumanMapListInfo(DataService.java:593)]: ############### 	B-10437	2017-06-24	2017-06-29	6
 2017-05-28 09:45:30,784 ERROR [main] [com.coderdream.gensql.service.DataService.getIsbgHumanMapListInfo(DataService.java:593)]: ############### 	B-11034	2017-06-24	2017-06-29	6
 2017-05-28 09:45:30,785 ERROR [main] [com.coderdream.gensql.service.DataService.getIsbgHumanMapListInfo(DataService.java:593)]: ############### 	B-11034	2017-01-21	2017-01-26	6
 2017-05-28 09:45:30,785 ERROR [main] [com.coderdream.gensql.service.DataService.getIsbgHumanMapListInfo(DataService.java:593)]: ############### 	B-13140	2017-02-24	2017-02-26	3
 2017-05-28 09:45:30,788 ERROR [main] [com.coderdream.gensql.service.DataService.getIsbgHumanMapListInfo(DataService.java:593)]: ############### 	B-12788	2017-01-29	2017-02-01	4
 2017-05-28 09:45:30,788 ERROR [main] [com.coderdream.gensql.service.DataService.getIsbgHumanMapListInfo(DataService.java:593)]: ############### 	B-10294	2017-02-14	2017-02-19	6
 2017-05-28 09:45:30,795 ERROR [main] [com.coderdream.gensql.service.DataService.getIsbgHumanMapListInfo(DataService.java:593)]: ############### 	B-13385	2017-01-01	2017-01-04	4
 2017-05-28 09:45:30,796 ERROR [main] [com.coderdream.gensql.service.DataService.getIsbgHumanMapListInfo(DataService.java:593)]: ############### 	B-10364	2017-02-07	2017-02-12	6
 2017-05-28 09:45:30,797 ERROR [main] [com.coderdream.gensql.service.DataService.getIsbgHumanMapListInfo(DataService.java:593)]: ############### 	B-10803	2017-03-19	2017-03-23	5
 2017-05-28 09:45:30,797 ERROR [main] [com.coderdream.gensql.service.DataService.getIsbgHumanMapListInfo(DataService.java:593)]: ############### 	B-10255	2017-04-07	2017-04-09	3
 2017-05-28 09:45:30,800 ERROR [main] [com.coderdream.gensql.service.DataService.getIsbgHumanMapListInfo(DataService.java:601)]: getIsbgHumanMapListInfo idel count: 33
 2017-05-28 09:45:32,730 ERROR [main] [com.coderdream.gensql.service.DataService.getIsbgProjectListInfo(DataService.java:425)]: integerList	[16, 8, 17, 14, 11, 13, 11, 7, 7, 7, 7, 7, 7, 7, 7, 7, 7, 7, 7, 7]
 2017-05-28 09:45:32,732 ERROR [main] [com.coderdream.gensql.service.DataService.getIsbgProjectListInfo(DataService.java:425)]: integerList	[12, 11, 19, 8, 13, 17, 10, 7, 7, 7, 7, 7, 7, 7, 7, 7, 7, 7, 7, 7]
 2017-05-28 09:45:32,734 ERROR [main] [com.coderdream.gensql.service.DataService.getIsbgProjectListInfo(DataService.java:425)]: integerList	[19, 11, 16, 8, 10, 17, 8, 8, 7, 7, 7, 7, 7, 7, 7, 7, 7, 7, 7, 7]
 2017-05-28 09:45:32,737 ERROR [main] [com.coderdream.gensql.service.DataService.getIsbgProjectListInfo(DataService.java:425)]: integerList	[13, 10, 10, 14, 9, 14, 15, 11, 7, 8, 7, 7, 7, 7, 7, 7, 7, 7, 7, 7]
 2017-05-28 09:45:32,740 ERROR [main] [com.coderdream.gensql.service.DataService.getIsbgProjectListInfo(DataService.java:425)]: integerList	[12, 12, 18, 16, 10, 8, 12, 9, 7, 7, 7, 7, 7, 7, 7, 7, 7, 7, 7, 7]
 2017-05-28 09:45:33,486 ERROR [main] [com.coderdream.gensql.service.DataService.getIsbgHumanMapListInfo(DataService.java:593)]: ############### 	B-12122	2017-04-22	2017-04-25	4
 2017-05-28 09:45:33,486 ERROR [main] [com.coderdream.gensql.service.DataService.getIsbgHumanMapListInfo(DataService.java:593)]: ############### 	B-11034	2017-05-13	2017-05-15	3
 2017-05-28 09:45:33,487 ERROR [main] [com.coderdream.gensql.service.DataService.getIsbgHumanMapListInfo(DataService.java:593)]: ############### 	B-13585	2017-05-06	2017-05-09	4
 2017-05-28 09:45:33,488 ERROR [main] [com.coderdream.gensql.service.DataService.getIsbgHumanMapListInfo(DataService.java:593)]: ############### 	B-13416	2017-04-15	2017-04-17	3
 2017-05-28 09:45:33,488 ERROR [main] [com.coderdream.gensql.service.DataService.getIsbgHumanMapListInfo(DataService.java:593)]: ############### 	B-12056	2017-06-17	2017-06-21	5
 2017-05-28 09:45:33,489 ERROR [main] [com.coderdream.gensql.service.DataService.getIsbgHumanMapListInfo(DataService.java:593)]: ############### 	B-13618	2017-04-29	2017-05-04	6
 2017-05-28 09:45:33,490 ERROR [main] [com.coderdream.gensql.service.DataService.getIsbgHumanMapListInfo(DataService.java:593)]: ############### 	B-12486	2017-04-29	2017-05-04	6
 2017-05-28 09:45:33,490 ERROR [main] [com.coderdream.gensql.service.DataService.getIsbgHumanMapListInfo(DataService.java:593)]: ############### 	B-12737	2017-04-29	2017-05-01	3
 2017-05-28 09:45:33,490 ERROR [main] [com.coderdream.gensql.service.DataService.getIsbgHumanMapListInfo(DataService.java:593)]: ############### 	B-12187	2017-05-13	2017-05-17	5
 2017-05-28 09:45:33,491 ERROR [main] [com.coderdream.gensql.service.DataService.getIsbgHumanMapListInfo(DataService.java:593)]: ############### 	B-12629	2017-05-13	2017-05-17	5
 2017-05-28 09:45:33,495 ERROR [main] [com.coderdream.gensql.service.DataService.getIsbgHumanMapListInfo(DataService.java:593)]: ############### 	B-13454	2017-01-13	2017-01-16	4
 2017-05-28 09:45:33,495 ERROR [main] [com.coderdream.gensql.service.DataService.getIsbgHumanMapListInfo(DataService.java:593)]: ############### 	B-13618	2017-01-17	2017-01-21	5
 2017-05-28 09:45:33,496 ERROR [main] [com.coderdream.gensql.service.DataService.getIsbgHumanMapListInfo(DataService.java:593)]: ############### 	B-13416	2017-01-17	2017-01-22	6
 2017-05-28 09:45:33,497 ERROR [main] [com.coderdream.gensql.service.DataService.getIsbgHumanMapListInfo(DataService.java:593)]: ############### 	B-13545	2017-05-27	2017-06-01	6
 2017-05-28 09:45:33,497 ERROR [main] [com.coderdream.gensql.service.DataService.getIsbgHumanMapListInfo(DataService.java:593)]: ############### 	B-11034	2017-05-27	2017-06-01	6
 2017-05-28 09:45:33,498 ERROR [main] [com.coderdream.gensql.service.DataService.getIsbgHumanMapListInfo(DataService.java:593)]: ############### 	B-12347	2017-01-14	2017-01-19	6
 2017-05-28 09:45:33,499 ERROR [main] [com.coderdream.gensql.service.DataService.getIsbgHumanMapListInfo(DataService.java:593)]: ############### 	B-12629	2017-04-07	2017-04-12	6
 2017-05-28 09:45:33,499 ERROR [main] [com.coderdream.gensql.service.DataService.getIsbgHumanMapListInfo(DataService.java:593)]: ############### 	B-13385	2017-04-01	2017-04-04	4
 2017-05-28 09:45:33,500 ERROR [main] [com.coderdream.gensql.service.DataService.getIsbgHumanMapListInfo(DataService.java:593)]: ############### 	B-13416	2017-04-01	2017-04-06	6
 2017-05-28 09:45:33,500 ERROR [main] [com.coderdream.gensql.service.DataService.getIsbgHumanMapListInfo(DataService.java:593)]: ############### 	B-10364	2017-04-29	2017-05-04	6
 2017-05-28 09:45:33,501 ERROR [main] [com.coderdream.gensql.service.DataService.getIsbgHumanMapListInfo(DataService.java:593)]: ############### 	B-10364	2017-01-24	2017-01-28	5
 2017-05-28 09:45:33,502 ERROR [main] [com.coderdream.gensql.service.DataService.getIsbgHumanMapListInfo(DataService.java:593)]: ############### 	B-10437	2017-03-31	2017-04-04	5
 2017-05-28 09:45:33,503 ERROR [main] [com.coderdream.gensql.service.DataService.getIsbgHumanMapListInfo(DataService.java:593)]: ############### 	B-12056	2017-05-06	2017-05-11	6
 2017-05-28 09:45:33,503 ERROR [main] [com.coderdream.gensql.service.DataService.getIsbgHumanMapListInfo(DataService.java:593)]: ############### 	B-10401	2017-06-03	2017-06-05	3
 2017-05-28 09:45:33,505 ERROR [main] [com.coderdream.gensql.service.DataService.getIsbgHumanMapListInfo(DataService.java:593)]: ############### 	B-10437	2017-04-15	2017-04-17	3
 2017-05-28 09:45:33,505 ERROR [main] [com.coderdream.gensql.service.DataService.getIsbgHumanMapListInfo(DataService.java:593)]: ############### 	B-10097	2017-04-01	2017-04-05	5
 2017-05-28 09:45:33,506 ERROR [main] [com.coderdream.gensql.service.DataService.getIsbgHumanMapListInfo(DataService.java:593)]: ############### 	B-10401	2017-04-01	2017-04-04	4
 2017-05-28 09:45:33,506 ERROR [main] [com.coderdream.gensql.service.DataService.getIsbgHumanMapListInfo(DataService.java:593)]: ############### 	B-13158	2017-05-13	2017-05-16	4
 2017-05-28 09:45:33,507 ERROR [main] [com.coderdream.gensql.service.DataService.getIsbgHumanMapListInfo(DataService.java:593)]: ############### 	B-12737	2017-05-27	2017-06-01	6
 2017-05-28 09:45:33,508 ERROR [main] [com.coderdream.gensql.service.DataService.getIsbgHumanMapListInfo(DataService.java:593)]: ############### 	B-13545	2017-06-24	2017-06-27	4
 2017-05-28 09:45:33,508 ERROR [main] [com.coderdream.gensql.service.DataService.getIsbgHumanMapListInfo(DataService.java:593)]: ############### 	B-13545	2017-06-03	2017-06-06	4
 2017-05-28 09:45:33,509 ERROR [main] [com.coderdream.gensql.service.DataService.getIsbgHumanMapListInfo(DataService.java:593)]: ############### 	B-13140	2017-01-01	2017-01-06	6
 2017-05-28 09:45:33,509 ERROR [main] [com.coderdream.gensql.service.DataService.getIsbgHumanMapListInfo(DataService.java:593)]: ############### 	B-12347	2017-06-17	2017-06-21	5
 2017-05-28 09:45:33,510 ERROR [main] [com.coderdream.gensql.service.DataService.getIsbgHumanMapListInfo(DataService.java:593)]: ############### 	B-10803	2017-04-08	2017-04-11	4
 2017-05-28 09:45:33,510 ERROR [main] [com.coderdream.gensql.service.DataService.getIsbgHumanMapListInfo(DataService.java:593)]: ############### 	B-10987	2017-04-08	2017-04-10	3
 2017-05-28 09:45:33,511 ERROR [main] [com.coderdream.gensql.service.DataService.getIsbgHumanMapListInfo(DataService.java:593)]: ############### 	B-13158	2017-03-21	2017-03-26	6
 2017-05-28 09:45:33,511 ERROR [main] [com.coderdream.gensql.service.DataService.getIsbgHumanMapListInfo(DataService.java:593)]: ############### 	B-10612	2017-04-29	2017-05-02	4
 2017-05-28 09:45:33,512 ERROR [main] [com.coderdream.gensql.service.DataService.getIsbgHumanMapListInfo(DataService.java:593)]: ############### 	B-12788	2017-03-27	2017-04-01	6
 2017-05-28 09:45:33,512 ERROR [main] [com.coderdream.gensql.service.DataService.getIsbgHumanMapListInfo(DataService.java:593)]: ############### 	B-12479	2017-06-24	2017-06-26	3
 2017-05-28 09:45:33,513 ERROR [main] [com.coderdream.gensql.service.DataService.getIsbgHumanMapListInfo(DataService.java:601)]: getIsbgHumanMapListInfo idel count: 39
 2017-05-28 09:45:40,946 ERROR [main] [com.coderdream.gensql.service.DataService.getIsbgProjectListInfo(DataService.java:425)]: integerList	[9, 18, 14, 15, 16, 11, 7, 7, 7, 7, 7, 7, 7, 7, 7, 7, 7, 7, 7, 7]
 2017-05-28 09:45:40,948 ERROR [main] [com.coderdream.gensql.service.DataService.getIsbgProjectListInfo(DataService.java:425)]: integerList	[17, 11, 9, 16, 11, 17, 7, 8, 7, 8, 7, 7, 7, 7, 7, 7, 7, 7, 7, 7]
 2017-05-28 09:45:40,950 ERROR [main] [com.coderdream.gensql.service.DataService.getIsbgProjectListInfo(DataService.java:425)]: integerList	[11, 12, 14, 10, 13, 13, 11, 10, 7, 9, 7, 8, 7, 7, 7, 7, 7, 7, 7, 7]
 2017-05-28 09:45:40,953 ERROR [main] [com.coderdream.gensql.service.DataService.getIsbgProjectListInfo(DataService.java:425)]: integerList	[17, 12, 8, 13, 7, 15, 14, 8, 8, 9, 7, 7, 7, 7, 7, 7, 7, 7, 7, 7]
 2017-05-28 09:45:40,955 ERROR [main] [com.coderdream.gensql.service.DataService.getIsbgProjectListInfo(DataService.java:425)]: integerList	[17, 17, 16, 18, 7, 8, 7, 7, 7, 7, 7, 7, 7, 7, 7, 7, 7, 7, 7, 7]
 2017-05-28 09:45:47,270 ERROR [main] [com.coderdream.gensql.service.DataService.getIsbgProjectListInfo(DataService.java:425)]: integerList	[8, 7, 10, 12, 18, 12, 17, 12, 7, 7, 7, 7, 8, 7, 7, 7, 7, 7, 7, 7]
 2017-05-28 09:45:47,274 ERROR [main] [com.coderdream.gensql.service.DataService.getIsbgProjectListInfo(DataService.java:425)]: integerList	[10, 10, 14, 9, 17, 17, 10, 7, 10, 7, 7, 7, 7, 7, 7, 7, 7, 7, 7, 7]
 2017-05-28 09:45:47,403 ERROR [main] [com.coderdream.gensql.service.DataService.getIsbgProjectListInfo(DataService.java:425)]: integerList	[7, 16, 11, 16, 13, 18, 8, 7, 7, 7, 7, 8, 7, 7, 7, 7, 7, 7, 7, 7]
 2017-05-28 09:45:47,442 ERROR [main] [com.coderdream.gensql.service.DataService.getIsbgProjectListInfo(DataService.java:425)]: integerList	[11, 10, 17, 18, 18, 9, 7, 7, 7, 7, 7, 7, 7, 7, 7, 7, 7, 7, 7, 7]
 2017-05-28 09:45:47,445 ERROR [main] [com.coderdream.gensql.service.DataService.getIsbgProjectListInfo(DataService.java:425)]: integerList	[14, 13, 14, 15, 14, 12, 8, 7, 7, 7, 7, 7, 7, 7, 7, 7, 7, 7, 7, 7]
 2017-05-28 09:45:47,872 ERROR [main] [com.coderdream.gensql.service.DataService.getIsbgHumanMapListInfo(DataService.java:593)]: ############### 	B-13140	2017-06-03	2017-06-08	6
 2017-05-28 09:45:47,872 ERROR [main] [com.coderdream.gensql.service.DataService.getIsbgHumanMapListInfo(DataService.java:593)]: ############### 	B-12629	2017-01-01	2017-01-03	3
 2017-05-28 09:45:47,873 ERROR [main] [com.coderdream.gensql.service.DataService.getIsbgHumanMapListInfo(DataService.java:593)]: ############### 	B-12737	2017-01-01	2017-01-05	5
 2017-05-28 09:45:47,879 ERROR [main] [com.coderdream.gensql.service.DataService.getIsbgHumanMapListInfo(DataService.java:593)]: ############### 	B-12629	2017-04-15	2017-04-18	4
 2017-05-28 09:45:47,883 ERROR [main] [com.coderdream.gensql.service.DataService.getIsbgHumanMapListInfo(DataService.java:593)]: ############### 	B-10803	2017-01-01	2017-01-03	3
 2017-05-28 09:45:47,884 ERROR [main] [com.coderdream.gensql.service.DataService.getIsbgHumanMapListInfo(DataService.java:593)]: ############### 	B-12629	2017-05-06	2017-05-11	6
 2017-05-28 09:45:47,885 ERROR [main] [com.coderdream.gensql.service.DataService.getIsbgHumanMapListInfo(DataService.java:593)]: ############### 	B-10364	2017-05-06	2017-05-08	3
 2017-05-28 09:45:47,888 ERROR [main] [com.coderdream.gensql.service.DataService.getIsbgHumanMapListInfo(DataService.java:593)]: ############### 	B-10097	2017-01-11	2017-01-14	4
 2017-05-28 09:45:47,889 ERROR [main] [com.coderdream.gensql.service.DataService.getIsbgHumanMapListInfo(DataService.java:593)]: ############### 	B-13454	2017-05-13	2017-05-17	5
 2017-05-28 09:45:47,890 ERROR [main] [com.coderdream.gensql.service.DataService.getIsbgHumanMapListInfo(DataService.java:593)]: ############### 	B-13158	2017-01-09	2017-01-12	4
 2017-05-28 09:45:47,891 ERROR [main] [com.coderdream.gensql.service.DataService.getIsbgHumanMapListInfo(DataService.java:593)]: ############### 	B-12347	2017-04-08	2017-04-13	6
 2017-05-28 09:45:47,894 ERROR [main] [com.coderdream.gensql.service.DataService.getIsbgHumanMapListInfo(DataService.java:593)]: ############### 	B-10437	2017-03-05	2017-03-07	3
 2017-05-28 09:45:47,894 ERROR [main] [com.coderdream.gensql.service.DataService.getIsbgHumanMapListInfo(DataService.java:593)]: ############### 	B-10987	2017-03-05	2017-03-07	3
 2017-05-28 09:45:47,895 ERROR [main] [com.coderdream.gensql.service.DataService.getIsbgHumanMapListInfo(DataService.java:593)]: ############### 	B-13086	2017-05-27	2017-05-30	4
 2017-05-28 09:45:47,896 ERROR [main] [com.coderdream.gensql.service.DataService.getIsbgHumanMapListInfo(DataService.java:593)]: ############### 	B-13385	2017-05-27	2017-05-31	5
 2017-05-28 09:45:47,897 ERROR [main] [com.coderdream.gensql.service.DataService.getIsbgHumanMapListInfo(DataService.java:593)]: ############### 	B-12110	2017-01-15	2017-01-18	4
 2017-05-28 09:45:47,897 ERROR [main] [com.coderdream.gensql.service.DataService.getIsbgHumanMapListInfo(DataService.java:593)]: ############### 	B-10255	2017-06-17	2017-06-22	6
 2017-05-28 09:45:47,898 ERROR [main] [com.coderdream.gensql.service.DataService.getIsbgHumanMapListInfo(DataService.java:593)]: ############### 	B-11034	2017-06-10	2017-06-13	4
 2017-05-28 09:45:47,899 ERROR [main] [com.coderdream.gensql.service.DataService.getIsbgHumanMapListInfo(DataService.java:593)]: ############### 	B-13416	2017-04-21	2017-04-24	4
 2017-05-28 09:45:47,899 ERROR [main] [com.coderdream.gensql.service.DataService.getIsbgHumanMapListInfo(DataService.java:593)]: ############### 	B-10612	2017-06-17	2017-06-20	4
 2017-05-28 09:45:47,915 ERROR [main] [com.coderdream.gensql.service.DataService.getIsbgHumanMapListInfo(DataService.java:593)]: ############### 	B-13086	2017-01-26	2017-01-29	4
 2017-05-28 09:45:47,916 ERROR [main] [com.coderdream.gensql.service.DataService.getIsbgHumanMapListInfo(DataService.java:593)]: ############### 	B-13158	2017-06-10	2017-06-15	6
 2017-05-28 09:45:47,916 ERROR [main] [com.coderdream.gensql.service.DataService.getIsbgHumanMapListInfo(DataService.java:593)]: ############### 	B-12347	2017-05-20	2017-05-25	6
 2017-05-28 09:45:47,917 ERROR [main] [com.coderdream.gensql.service.DataService.getIsbgHumanMapListInfo(DataService.java:593)]: ############### 	B-10437	2017-01-24	2017-01-29	6
 2017-05-28 09:45:47,917 ERROR [main] [com.coderdream.gensql.service.DataService.getIsbgHumanMapListInfo(DataService.java:593)]: ############### 	B-11059	2017-06-03	2017-06-05	3
 2017-05-28 09:45:47,918 ERROR [main] [com.coderdream.gensql.service.DataService.getIsbgHumanMapListInfo(DataService.java:593)]: ############### 	B-11382	2017-01-01	2017-01-03	3
 2017-05-28 09:45:47,919 ERROR [main] [com.coderdream.gensql.service.DataService.getIsbgHumanMapListInfo(DataService.java:593)]: ############### 	B-11059	2017-04-28	2017-05-03	6
 2017-05-28 09:45:47,919 ERROR [main] [com.coderdream.gensql.service.DataService.getIsbgHumanMapListInfo(DataService.java:593)]: ############### 	B-12737	2017-04-01	2017-04-04	4
 2017-05-28 09:45:47,920 ERROR [main] [com.coderdream.gensql.service.DataService.getIsbgHumanMapListInfo(DataService.java:601)]: getIsbgHumanMapListInfo idel count: 28
 2017-05-28 09:45:57,537 ERROR [main] [com.coderdream.gensql.service.DataService.getIsbgProjectListInfo(DataService.java:425)]: integerList	[15, 14, 8, 19, 17, 9, 7, 7, 7, 8, 7, 7, 7, 7, 7, 7, 7, 7, 7, 7]
 2017-05-28 09:45:57,544 ERROR [main] [com.coderdream.gensql.service.DataService.getIsbgProjectListInfo(DataService.java:425)]: integerList	[12, 8, 8, 16, 17, 15, 8, 11, 8, 7, 7, 7, 7, 7, 8, 7, 7, 7, 7, 7]
 2017-05-28 09:45:57,546 ERROR [main] [com.coderdream.gensql.service.DataService.getIsbgProjectListInfo(DataService.java:425)]: integerList	[19, 11, 9, 15, 18, 11, 7, 7, 7, 7, 7, 7, 7, 7, 7, 7, 7, 7, 7, 7]
 2017-05-28 09:45:57,549 ERROR [main] [com.coderdream.gensql.service.DataService.getIsbgProjectListInfo(DataService.java:425)]: integerList	[17, 13, 8, 8, 15, 17, 8, 9, 8, 8, 7, 7, 7, 7, 7, 7, 7, 7, 7, 7]
 2017-05-28 09:45:57,552 ERROR [main] [com.coderdream.gensql.service.DataService.getIsbgProjectListInfo(DataService.java:425)]: integerList	[12, 9, 11, 15, 18, 12, 9, 9, 8, 7, 8, 7, 7, 7, 7, 7, 7, 7, 7, 7]
 2017-05-28 09:45:57,853 ERROR [main] [com.coderdream.gensql.service.DataService.getIsbgHumanMapListInfo(DataService.java:593)]: ############### 	B-10771	2017-05-13	2017-05-18	6
 2017-05-28 09:45:57,854 ERROR [main] [com.coderdream.gensql.service.DataService.getIsbgHumanMapListInfo(DataService.java:593)]: ############### 	B-10803	2017-05-13	2017-05-17	5
 2017-05-28 09:45:57,854 ERROR [main] [com.coderdream.gensql.service.DataService.getIsbgHumanMapListInfo(DataService.java:593)]: ############### 	B-13416	2017-04-14	2017-04-19	6
 2017-05-28 09:45:57,855 ERROR [main] [com.coderdream.gensql.service.DataService.getIsbgHumanMapListInfo(DataService.java:593)]: ############### 	B-11059	2017-02-24	2017-03-01	6
 2017-05-28 09:45:57,855 ERROR [main] [com.coderdream.gensql.service.DataService.getIsbgHumanMapListInfo(DataService.java:593)]: ############### 	B-12122	2017-04-29	2017-05-04	6
 2017-05-28 09:45:57,856 ERROR [main] [com.coderdream.gensql.service.DataService.getIsbgHumanMapListInfo(DataService.java:593)]: ############### 	B-12122	2017-05-13	2017-05-16	4
 2017-05-28 09:45:57,869 ERROR [main] [com.coderdream.gensql.service.DataService.getIsbgHumanMapListInfo(DataService.java:593)]: ############### 	B-10294	2017-03-03	2017-03-07	5
 2017-05-28 09:45:57,869 ERROR [main] [com.coderdream.gensql.service.DataService.getIsbgHumanMapListInfo(DataService.java:593)]: ############### 	B-10771	2017-04-01	2017-04-04	4
 2017-05-28 09:45:57,869 ERROR [main] [com.coderdream.gensql.service.DataService.getIsbgHumanMapListInfo(DataService.java:593)]: ############### 	B-10401	2017-06-03	2017-06-07	5
 2017-05-28 09:45:57,870 ERROR [main] [com.coderdream.gensql.service.DataService.getIsbgHumanMapListInfo(DataService.java:593)]: ############### 	B-13454	2017-04-21	2017-04-24	4
 2017-05-28 09:45:57,870 ERROR [main] [com.coderdream.gensql.service.DataService.getIsbgHumanMapListInfo(DataService.java:593)]: ############### 	B-13454	2017-05-19	2017-05-23	5
 2017-05-28 09:45:57,872 ERROR [main] [com.coderdream.gensql.service.DataService.getIsbgHumanMapListInfo(DataService.java:593)]: ############### 	B-12479	2017-03-03	2017-03-06	4
 2017-05-28 09:45:57,872 ERROR [main] [com.coderdream.gensql.service.DataService.getIsbgHumanMapListInfo(DataService.java:593)]: ############### 	B-10437	2017-06-17	2017-06-19	3
 2017-05-28 09:45:57,873 ERROR [main] [com.coderdream.gensql.service.DataService.getIsbgHumanMapListInfo(DataService.java:593)]: ############### 	B-13385	2017-05-13	2017-05-15	3
 2017-05-28 09:45:57,873 ERROR [main] [com.coderdream.gensql.service.DataService.getIsbgHumanMapListInfo(DataService.java:593)]: ############### 	B-13585	2017-05-27	2017-06-01	6
 2017-05-28 09:45:57,874 ERROR [main] [com.coderdream.gensql.service.DataService.getIsbgHumanMapListInfo(DataService.java:593)]: ############### 	B-13140	2017-01-01	2017-01-04	4
 2017-05-28 09:45:57,874 ERROR [main] [com.coderdream.gensql.service.DataService.getIsbgHumanMapListInfo(DataService.java:593)]: ############### 	B-12486	2017-03-20	2017-03-25	6
 2017-05-28 09:45:57,875 ERROR [main] [com.coderdream.gensql.service.DataService.getIsbgHumanMapListInfo(DataService.java:593)]: ############### 	B-12122	2017-06-24	2017-06-28	5
 2017-05-28 09:45:57,875 ERROR [main] [com.coderdream.gensql.service.DataService.getIsbgHumanMapListInfo(DataService.java:593)]: ############### 	B-13416	2017-01-30	2017-02-01	3
 2017-05-28 09:45:57,875 ERROR [main] [com.coderdream.gensql.service.DataService.getIsbgHumanMapListInfo(DataService.java:601)]: getIsbgHumanMapListInfo idel count: 19
 